<?xml version="1.0" encoding="UTF-8"?>
<testsuite name="CalculatorTest" tests="1" skipped="0" failures="0" errors="0" timestamp="2020-02-25T12:16:09" hostname="admin1-ThinkCentre-M72e" time="0.001">
  <properties/>
  <testcase name="MultiplyMethodFiveNumbers" classname="CalculatorTest" time="0.001"/>
  <system-out><![CDATA[]]></system-out>
  <system-err><![CDATA[]]></system-err>
</testsuite>
